<?xml version="1.0" encoding="UTF-8"?>
<testng-results skipped="0" failed="0" total="1" passed="1">
  <reporter-output>
  </reporter-output>
  <suite name="Default suite" duration-ms="33301" started-at="2018-06-02T06:25:36Z" finished-at="2018-06-02T06:26:09Z">
    <groups>
    </groups>
    <test name="Default test" duration-ms="33301" started-at="2018-06-02T06:25:36Z" finished-at="2018-06-02T06:26:09Z">
      <class name="com.wordpress.Testcases.VerifyValidLogin">
        <test-method status="PASS" signature="checkValidLogin()[pri:0, instance:com.wordpress.Testcases.VerifyValidLogin@6ea12c19]" name="checkValidLogin" duration-ms="33286" started-at="2018-06-02T11:55:36Z" finished-at="2018-06-02T11:56:09Z">
          <reporter-output>
          </reporter-output>
        </test-method> <!-- checkValidLogin -->
      </class> <!-- com.wordpress.Testcases.VerifyValidLogin -->
    </test> <!-- Default test -->
  </suite> <!-- Default suite -->
</testng-results>
